The system is: Linux - 5.8.0-50-generic - x86_64
Compiling the C compiler identification source file "CMakeCCompilerId.c" succeeded.
Compiler: /usr/bin/cc 
Build flags: 
Id flags:  

The output was:
0


Compilation of the C compiler identification source "CMakeCCompilerId.c" produced "a.out"

The C compiler identification is GNU, found in "/home/alephnoell/quabs/build/libsolve/src/cmsat-prefix/src/cmsat-build/CMakeFiles/3.20.2/CompilerIdC/a.out"

Compiling the CXX compiler identification source file "CMakeCXXCompilerId.cpp" succeeded.
Compiler: /usr/bin/c++ 
Build flags: 
Id flags:  

The output was:
0


Compilation of the CXX compiler identification source "CMakeCXXCompilerId.cpp" produced "a.out"

The CXX compiler identification is GNU, found in "/home/alephnoell/quabs/build/libsolve/src/cmsat-prefix/src/cmsat-build/CMakeFiles/3.20.2/CompilerIdCXX/a.out"

Detecting C compiler ABI info compiled with the following output:
Change Dir: /home/alephnoell/quabs/build/libsolve/src/cmsat-prefix/src/cmsat-build/CMakeFiles/CMakeTmp

Run Build Command(s):/usr/bin/make -f Makefile cmTC_651bb/fast && make[3]: Entering directory '/home/alephnoell/quabs/build/libsolve/src/cmsat-prefix/src/cmsat-build/CMakeFiles/CMakeTmp'
/usr/bin/make  -f CMakeFiles/cmTC_651bb.dir/build.make CMakeFiles/cmTC_651bb.dir/build
make[4]: Entering directory '/home/alephnoell/quabs/build/libsolve/src/cmsat-prefix/src/cmsat-build/CMakeFiles/CMakeTmp'
Building C object CMakeFiles/cmTC_651bb.dir/CMakeCCompilerABI.c.o
/usr/bin/cc   -v -o CMakeFiles/cmTC_651bb.dir/CMakeCCompilerABI.c.o -c /snap/cmake/870/share/cmake-3.20/Modules/CMakeCCompilerABI.c
Using built-in specs.
COLLECT_GCC=/usr/bin/cc
OFFLOAD_TARGET_NAMES=nvptx-none:hsa
OFFLOAD_TARGET_DEFAULT=1
Target: x86_64-linux-gnu
Configured with: ../src/configure -v --with-pkgversion='Ubuntu 9.3.0-17ubuntu1~20.04' --with-bugurl=file:///usr/share/doc/gcc-9/README.Bugs --enable-languages=c,ada,c++,go,brig,d,fortran,objc,obj-c++,gm2 --prefix=/usr --with-gcc-major-version-only --program-suffix=-9 --program-prefix=x86_64-linux-gnu- --enable-shared --enable-linker-build-id --libexecdir=/usr/lib --without-included-gettext --enable-threads=posix --libdir=/usr/lib --enable-nls --enable-clocale=gnu --enable-libstdcxx-debug --enable-libstdcxx-time=yes --with-default-libstdcxx-abi=new --enable-gnu-unique-object --disable-vtable-verify --enable-plugin --enable-default-pie --with-system-zlib --with-target-system-zlib=auto --enable-objc-gc=auto --enable-multiarch --disable-werror --with-arch-32=i686 --with-abi=m64 --with-multilib-list=m32,m64,mx32 --enable-multilib --with-tune=generic --enable-offload-targets=nvptx-none=/build/gcc-9-HskZEa/gcc-9-9.3.0/debian/tmp-nvptx/usr,hsa --without-cuda-driver --enable-checking=release --build=x86_64-linux-gnu --host=x86_64-linux-gnu --target=x86_64-linux-gnu
Thread model: posix
gcc version 9.3.0 (Ubuntu 9.3.0-17ubuntu1~20.04) 
COLLECT_GCC_OPTIONS='-v' '-o' 'CMakeFiles/cmTC_651bb.dir/CMakeCCompilerABI.c.o' '-c' '-mtune=generic' '-march=x86-64'
 /usr/lib/gcc/x86_64-linux-gnu/9/cc1 -quiet -v -imultiarch x86_64-linux-gnu /snap/cmake/870/share/cmake-3.20/Modules/CMakeCCompilerABI.c -quiet -dumpbase CMakeCCompilerABI.c -mtune=generic -march=x86-64 -auxbase-strip CMakeFiles/cmTC_651bb.dir/CMakeCCompilerABI.c.o -version -fasynchronous-unwind-tables -fstack-protector-strong -Wformat -Wformat-security -fstack-clash-protection -fcf-protection -o /tmp/ccEpRZWH.s
GNU C17 (Ubuntu 9.3.0-17ubuntu1~20.04) version 9.3.0 (x86_64-linux-gnu)
	compiled by GNU C version 9.3.0, GMP version 6.2.0, MPFR version 4.0.2, MPC version 1.1.0, isl version isl-0.22.1-GMP

GGC heuristics: --param ggc-min-expand=100 --param ggc-min-heapsize=131072
ignoring nonexistent directory "/usr/local/include/x86_64-linux-gnu"
ignoring nonexistent directory "/usr/lib/gcc/x86_64-linux-gnu/9/include-fixed"
ignoring nonexistent directory "/usr/lib/gcc/x86_64-linux-gnu/9/../../../../x86_64-linux-gnu/include"
#include "..." search starts here:
#include <...> search starts here:
 /usr/lib/gcc/x86_64-linux-gnu/9/include
 /usr/local/include
 /usr/include/x86_64-linux-gnu
 /usr/include
End of search list.
GNU C17 (Ubuntu 9.3.0-17ubuntu1~20.04) version 9.3.0 (x86_64-linux-gnu)
	compiled by GNU C version 9.3.0, GMP version 6.2.0, MPFR version 4.0.2, MPC version 1.1.0, isl version isl-0.22.1-GMP

GGC heuristics: --param ggc-min-expand=100 --param ggc-min-heapsize=131072
Compiler executable checksum: bbf13931d8de1abe14040c9909cb6969
COLLECT_GCC_OPTIONS='-v' '-o' 'CMakeFiles/cmTC_651bb.dir/CMakeCCompilerABI.c.o' '-c' '-mtune=generic' '-march=x86-64'
 as -v --64 -o CMakeFiles/cmTC_651bb.dir/CMakeCCompilerABI.c.o /tmp/ccEpRZWH.s
GNU assembler version 2.34 (x86_64-linux-gnu) using BFD version (GNU Binutils for Ubuntu) 2.34
COMPILER_PATH=/usr/lib/gcc/x86_64-linux-gnu/9/:/usr/lib/gcc/x86_64-linux-gnu/9/:/usr/lib/gcc/x86_64-linux-gnu/:/usr/lib/gcc/x86_64-linux-gnu/9/:/usr/lib/gcc/x86_64-linux-gnu/
LIBRARY_PATH=/usr/lib/gcc/x86_64-linux-gnu/9/:/usr/lib/gcc/x86_64-linux-gnu/9/../../../x86_64-linux-gnu/:/usr/lib/gcc/x86_64-linux-gnu/9/../../../../lib/:/lib/x86_64-linux-gnu/:/lib/../lib/:/usr/lib/x86_64-linux-gnu/:/usr/lib/../lib/:/usr/lib/gcc/x86_64-linux-gnu/9/../../../:/lib/:/usr/lib/
COLLECT_GCC_OPTIONS='-v' '-o' 'CMakeFiles/cmTC_651bb.dir/CMakeCCompilerABI.c.o' '-c' '-mtune=generic' '-march=x86-64'
Linking C executable cmTC_651bb
/snap/cmake/870/bin/cmake -E cmake_link_script CMakeFiles/cmTC_651bb.dir/link.txt --verbose=1
/usr/bin/cc  -v -rdynamic CMakeFiles/cmTC_651bb.dir/CMakeCCompilerABI.c.o -o cmTC_651bb 
Using built-in specs.
COLLECT_GCC=/usr/bin/cc
COLLECT_LTO_WRAPPER=/usr/lib/gcc/x86_64-linux-gnu/9/lto-wrapper
OFFLOAD_TARGET_NAMES=nvptx-none:hsa
OFFLOAD_TARGET_DEFAULT=1
Target: x86_64-linux-gnu
Configured with: ../src/configure -v --with-pkgversion='Ubuntu 9.3.0-17ubuntu1~20.04' --with-bugurl=file:///usr/share/doc/gcc-9/README.Bugs --enable-languages=c,ada,c++,go,brig,d,fortran,objc,obj-c++,gm2 --prefix=/usr --with-gcc-major-version-only --program-suffix=-9 --program-prefix=x86_64-linux-gnu- --enable-shared --enable-linker-build-id --libexecdir=/usr/lib --without-included-gettext --enable-threads=posix --libdir=/usr/lib --enable-nls --enable-clocale=gnu --enable-libstdcxx-debug --enable-libstdcxx-time=yes --with-default-libstdcxx-abi=new --enable-gnu-unique-object --disable-vtable-verify --enable-plugin --enable-default-pie --with-system-zlib --with-target-system-zlib=auto --enable-objc-gc=auto --enable-multiarch --disable-werror --with-arch-32=i686 --with-abi=m64 --with-multilib-list=m32,m64,mx32 --enable-multilib --with-tune=generic --enable-offload-targets=nvptx-none=/build/gcc-9-HskZEa/gcc-9-9.3.0/debian/tmp-nvptx/usr,hsa --without-cuda-driver --enable-checking=release --build=x86_64-linux-gnu --host=x86_64-linux-gnu --target=x86_64-linux-gnu
Thread model: posix
gcc version 9.3.0 (Ubuntu 9.3.0-17ubuntu1~20.04) 
COMPILER_PATH=/usr/lib/gcc/x86_64-linux-gnu/9/:/usr/lib/gcc/x86_64-linux-gnu/9/:/usr/lib/gcc/x86_64-linux-gnu/:/usr/lib/gcc/x86_64-linux-gnu/9/:/usr/lib/gcc/x86_64-linux-gnu/
LIBRARY_PATH=/usr/lib/gcc/x86_64-linux-gnu/9/:/usr/lib/gcc/x86_64-linux-gnu/9/../../../x86_64-linux-gnu/:/usr/lib/gcc/x86_64-linux-gnu/9/../../../../lib/:/lib/x86_64-linux-gnu/:/lib/../lib/:/usr/lib/x86_64-linux-gnu/:/usr/lib/../lib/:/usr/lib/gcc/x86_64-linux-gnu/9/../../../:/lib/:/usr/lib/
COLLECT_GCC_OPTIONS='-v' '-rdynamic' '-o' 'cmTC_651bb' '-mtune=generic' '-march=x86-64'
 /usr/lib/gcc/x86_64-linux-gnu/9/collect2 -plugin /usr/lib/gcc/x86_64-linux-gnu/9/liblto_plugin.so -plugin-opt=/usr/lib/gcc/x86_64-linux-gnu/9/lto-wrapper -plugin-opt=-fresolution=/tmp/ccZzBzDa.res -plugin-opt=-pass-through=-lgcc -plugin-opt=-pass-through=-lgcc_s -plugin-opt=-pass-through=-lc -plugin-opt=-pass-through=-lgcc -plugin-opt=-pass-through=-lgcc_s --build-id --eh-frame-hdr -m elf_x86_64 --hash-style=gnu --as-needed -export-dynamic -dynamic-linker /lib64/ld-linux-x86-64.so.2 -pie -z now -z relro -o cmTC_651bb /usr/lib/gcc/x86_64-linux-gnu/9/../../../x86_64-linux-gnu/Scrt1.o /usr/lib/gcc/x86_64-linux-gnu/9/../../../x86_64-linux-gnu/crti.o /usr/lib/gcc/x86_64-linux-gnu/9/crtbeginS.o -L/usr/lib/gcc/x86_64-linux-gnu/9 -L/usr/lib/gcc/x86_64-linux-gnu/9/../../../x86_64-linux-gnu -L/usr/lib/gcc/x86_64-linux-gnu/9/../../../../lib -L/lib/x86_64-linux-gnu -L/lib/../lib -L/usr/lib/x86_64-linux-gnu -L/usr/lib/../lib -L/usr/lib/gcc/x86_64-linux-gnu/9/../../.. CMakeFiles/cmTC_651bb.dir/CMakeCCompilerABI.c.o -lgcc --push-state --as-needed -lgcc_s --pop-state -lc -lgcc --push-state --as-needed -lgcc_s --pop-state /usr/lib/gcc/x86_64-linux-gnu/9/crtendS.o /usr/lib/gcc/x86_64-linux-gnu/9/../../../x86_64-linux-gnu/crtn.o
COLLECT_GCC_OPTIONS='-v' '-rdynamic' '-o' 'cmTC_651bb' '-mtune=generic' '-march=x86-64'
make[4]: Leaving directory '/home/alephnoell/quabs/build/libsolve/src/cmsat-prefix/src/cmsat-build/CMakeFiles/CMakeTmp'
make[3]: Leaving directory '/home/alephnoell/quabs/build/libsolve/src/cmsat-prefix/src/cmsat-build/CMakeFiles/CMakeTmp'



Parsed C implicit include dir info from above output: rv=done
  found start of include info
  found start of implicit include info
    add: [/usr/lib/gcc/x86_64-linux-gnu/9/include]
    add: [/usr/local/include]
    add: [/usr/include/x86_64-linux-gnu]
    add: [/usr/include]
  end of search list found
  collapse include dir [/usr/lib/gcc/x86_64-linux-gnu/9/include] ==> [/usr/lib/gcc/x86_64-linux-gnu/9/include]
  collapse include dir [/usr/local/include] ==> [/usr/local/include]
  collapse include dir [/usr/include/x86_64-linux-gnu] ==> [/usr/include/x86_64-linux-gnu]
  collapse include dir [/usr/include] ==> [/usr/include]
  implicit include dirs: [/usr/lib/gcc/x86_64-linux-gnu/9/include;/usr/local/include;/usr/include/x86_64-linux-gnu;/usr/include]


Parsed C implicit link information from above output:
  link line regex: [^( *|.*[/\])(ld|CMAKE_LINK_STARTFILE-NOTFOUND|([^/\]+-)?ld|collect2)[^/\]*( |$)]
  ignore line: [Change Dir: /home/alephnoell/quabs/build/libsolve/src/cmsat-prefix/src/cmsat-build/CMakeFiles/CMakeTmp]
  ignore line: []
  ignore line: [Run Build Command(s):/usr/bin/make -f Makefile cmTC_651bb/fast && make[3]: Entering directory '/home/alephnoell/quabs/build/libsolve/src/cmsat-prefix/src/cmsat-build/CMakeFiles/CMakeTmp']
  ignore line: [/usr/bin/make  -f CMakeFiles/cmTC_651bb.dir/build.make CMakeFiles/cmTC_651bb.dir/build]
  ignore line: [make[4]: Entering directory '/home/alephnoell/quabs/build/libsolve/src/cmsat-prefix/src/cmsat-build/CMakeFiles/CMakeTmp']
  ignore line: [Building C object CMakeFiles/cmTC_651bb.dir/CMakeCCompilerABI.c.o]
  ignore line: [/usr/bin/cc   -v -o CMakeFiles/cmTC_651bb.dir/CMakeCCompilerABI.c.o -c /snap/cmake/870/share/cmake-3.20/Modules/CMakeCCompilerABI.c]
  ignore line: [Using built-in specs.]
  ignore line: [COLLECT_GCC=/usr/bin/cc]
  ignore line: [OFFLOAD_TARGET_NAMES=nvptx-none:hsa]
  ignore line: [OFFLOAD_TARGET_DEFAULT=1]
  ignore line: [Target: x86_64-linux-gnu]
  ignore line: [Configured with: ../src/configure -v --with-pkgversion='Ubuntu 9.3.0-17ubuntu1~20.04' --with-bugurl=file:///usr/share/doc/gcc-9/README.Bugs --enable-languages=c ada c++ go brig d fortran objc obj-c++ gm2 --prefix=/usr --with-gcc-major-version-only --program-suffix=-9 --program-prefix=x86_64-linux-gnu- --enable-shared --enable-linker-build-id --libexecdir=/usr/lib --without-included-gettext --enable-threads=posix --libdir=/usr/lib --enable-nls --enable-clocale=gnu --enable-libstdcxx-debug --enable-libstdcxx-time=yes --with-default-libstdcxx-abi=new --enable-gnu-unique-object --disable-vtable-verify --enable-plugin --enable-default-pie --with-system-zlib --with-target-system-zlib=auto --enable-objc-gc=auto --enable-multiarch --disable-werror --with-arch-32=i686 --with-abi=m64 --with-multilib-list=m32 m64 mx32 --enable-multilib --with-tune=generic --enable-offload-targets=nvptx-none=/build/gcc-9-HskZEa/gcc-9-9.3.0/debian/tmp-nvptx/usr hsa --without-cuda-driver --enable-checking=release --build=x86_64-linux-gnu --host=x86_64-linux-gnu --target=x86_64-linux-gnu]
  ignore line: [Thread model: posix]
  ignore line: [gcc version 9.3.0 (Ubuntu 9.3.0-17ubuntu1~20.04) ]
  ignore line: [COLLECT_GCC_OPTIONS='-v' '-o' 'CMakeFiles/cmTC_651bb.dir/CMakeCCompilerABI.c.o' '-c' '-mtune=generic' '-march=x86-64']
  ignore line: [ /usr/lib/gcc/x86_64-linux-gnu/9/cc1 -quiet -v -imultiarch x86_64-linux-gnu /snap/cmake/870/share/cmake-3.20/Modules/CMakeCCompilerABI.c -quiet -dumpbase CMakeCCompilerABI.c -mtune=generic -march=x86-64 -auxbase-strip CMakeFiles/cmTC_651bb.dir/CMakeCCompilerABI.c.o -version -fasynchronous-unwind-tables -fstack-protector-strong -Wformat -Wformat-security -fstack-clash-protection -fcf-protection -o /tmp/ccEpRZWH.s]
  ignore line: [GNU C17 (Ubuntu 9.3.0-17ubuntu1~20.04) version 9.3.0 (x86_64-linux-gnu)]
  ignore line: [	compiled by GNU C version 9.3.0  GMP version 6.2.0  MPFR version 4.0.2  MPC version 1.1.0  isl version isl-0.22.1-GMP]
  ignore line: []
  ignore line: [GGC heuristics: --param ggc-min-expand=100 --param ggc-min-heapsize=131072]
  ignore line: [ignoring nonexistent directory "/usr/local/include/x86_64-linux-gnu"]
  ignore line: [ignoring nonexistent directory "/usr/lib/gcc/x86_64-linux-gnu/9/include-fixed"]
  ignore line: [ignoring nonexistent directory "/usr/lib/gcc/x86_64-linux-gnu/9/../../../../x86_64-linux-gnu/include"]
  ignore line: [#include "..." search starts here:]
  ignore line: [#include <...> search starts here:]
  ignore line: [ /usr/lib/gcc/x86_64-linux-gnu/9/include]
  ignore line: [ /usr/local/include]
  ignore line: [ /usr/include/x86_64-linux-gnu]
  ignore line: [ /usr/include]
  ignore line: [End of search list.]
  ignore line: [GNU C17 (Ubuntu 9.3.0-17ubuntu1~20.04) version 9.3.0 (x86_64-linux-gnu)]
  ignore line: [	compiled by GNU C version 9.3.0  GMP version 6.2.0  MPFR version 4.0.2  MPC version 1.1.0  isl version isl-0.22.1-GMP]
  ignore line: []
  ignore line: [GGC heuristics: --param ggc-min-expand=100 --param ggc-min-heapsize=131072]
  ignore line: [Compiler executable checksum: bbf13931d8de1abe14040c9909cb6969]
  ignore line: [COLLECT_GCC_OPTIONS='-v' '-o' 'CMakeFiles/cmTC_651bb.dir/CMakeCCompilerABI.c.o' '-c' '-mtune=generic' '-march=x86-64']
  ignore line: [ as -v --64 -o CMakeFiles/cmTC_651bb.dir/CMakeCCompilerABI.c.o /tmp/ccEpRZWH.s]
  ignore line: [GNU assembler version 2.34 (x86_64-linux-gnu) using BFD version (GNU Binutils for Ubuntu) 2.34]
  ignore line: [COMPILER_PATH=/usr/lib/gcc/x86_64-linux-gnu/9/:/usr/lib/gcc/x86_64-linux-gnu/9/:/usr/lib/gcc/x86_64-linux-gnu/:/usr/lib/gcc/x86_64-linux-gnu/9/:/usr/lib/gcc/x86_64-linux-gnu/]
  ignore line: [LIBRARY_PATH=/usr/lib/gcc/x86_64-linux-gnu/9/:/usr/lib/gcc/x86_64-linux-gnu/9/../../../x86_64-linux-gnu/:/usr/lib/gcc/x86_64-linux-gnu/9/../../../../lib/:/lib/x86_64-linux-gnu/:/lib/../lib/:/usr/lib/x86_64-linux-gnu/:/usr/lib/../lib/:/usr/lib/gcc/x86_64-linux-gnu/9/../../../:/lib/:/usr/lib/]
  ignore line: [COLLECT_GCC_OPTIONS='-v' '-o' 'CMakeFiles/cmTC_651bb.dir/CMakeCCompilerABI.c.o' '-c' '-mtune=generic' '-march=x86-64']
  ignore line: [Linking C executable cmTC_651bb]
  ignore line: [/snap/cmake/870/bin/cmake -E cmake_link_script CMakeFiles/cmTC_651bb.dir/link.txt --verbose=1]
  ignore line: [/usr/bin/cc  -v -rdynamic CMakeFiles/cmTC_651bb.dir/CMakeCCompilerABI.c.o -o cmTC_651bb ]
  ignore line: [Using built-in specs.]
  ignore line: [COLLECT_GCC=/usr/bin/cc]
  ignore line: [COLLECT_LTO_WRAPPER=/usr/lib/gcc/x86_64-linux-gnu/9/lto-wrapper]
  ignore line: [OFFLOAD_TARGET_NAMES=nvptx-none:hsa]
  ignore line: [OFFLOAD_TARGET_DEFAULT=1]
  ignore line: [Target: x86_64-linux-gnu]
  ignore line: [Configured with: ../src/configure -v --with-pkgversion='Ubuntu 9.3.0-17ubuntu1~20.04' --with-bugurl=file:///usr/share/doc/gcc-9/README.Bugs --enable-languages=c ada c++ go brig d fortran objc obj-c++ gm2 --prefix=/usr --with-gcc-major-version-only --program-suffix=-9 --program-prefix=x86_64-linux-gnu- --enable-shared --enable-linker-build-id --libexecdir=/usr/lib --without-included-gettext --enable-threads=posix --libdir=/usr/lib --enable-nls --enable-clocale=gnu --enable-libstdcxx-debug --enable-libstdcxx-time=yes --with-default-libstdcxx-abi=new --enable-gnu-unique-object --disable-vtable-verify --enable-plugin --enable-default-pie --with-system-zlib --with-target-system-zlib=auto --enable-objc-gc=auto --enable-multiarch --disable-werror --with-arch-32=i686 --with-abi=m64 --with-multilib-list=m32 m64 mx32 --enable-multilib --with-tune=generic --enable-offload-targets=nvptx-none=/build/gcc-9-HskZEa/gcc-9-9.3.0/debian/tmp-nvptx/usr hsa --without-cuda-driver --enable-checking=release --build=x86_64-linux-gnu --host=x86_64-linux-gnu --target=x86_64-linux-gnu]
  ignore line: [Thread model: posix]
  ignore line: [gcc version 9.3.0 (Ubuntu 9.3.0-17ubuntu1~20.04) ]
  ignore line: [COMPILER_PATH=/usr/lib/gcc/x86_64-linux-gnu/9/:/usr/lib/gcc/x86_64-linux-gnu/9/:/usr/lib/gcc/x86_64-linux-gnu/:/usr/lib/gcc/x86_64-linux-gnu/9/:/usr/lib/gcc/x86_64-linux-gnu/]
  ignore line: [LIBRARY_PATH=/usr/lib/gcc/x86_64-linux-gnu/9/:/usr/lib/gcc/x86_64-linux-gnu/9/../../../x86_64-linux-gnu/:/usr/lib/gcc/x86_64-linux-gnu/9/../../../../lib/:/lib/x86_64-linux-gnu/:/lib/../lib/:/usr/lib/x86_64-linux-gnu/:/usr/lib/../lib/:/usr/lib/gcc/x86_64-linux-gnu/9/../../../:/lib/:/usr/lib/]
  ignore line: [COLLECT_GCC_OPTIONS='-v' '-rdynamic' '-o' 'cmTC_651bb' '-mtune=generic' '-march=x86-64']
  link line: [ /usr/lib/gcc/x86_64-linux-gnu/9/collect2 -plugin /usr/lib/gcc/x86_64-linux-gnu/9/liblto_plugin.so -plugin-opt=/usr/lib/gcc/x86_64-linux-gnu/9/lto-wrapper -plugin-opt=-fresolution=/tmp/ccZzBzDa.res -plugin-opt=-pass-through=-lgcc -plugin-opt=-pass-through=-lgcc_s -plugin-opt=-pass-through=-lc -plugin-opt=-pass-through=-lgcc -plugin-opt=-pass-through=-lgcc_s --build-id --eh-frame-hdr -m elf_x86_64 --hash-style=gnu --as-needed -export-dynamic -dynamic-linker /lib64/ld-linux-x86-64.so.2 -pie -z now -z relro -o cmTC_651bb /usr/lib/gcc/x86_64-linux-gnu/9/../../../x86_64-linux-gnu/Scrt1.o /usr/lib/gcc/x86_64-linux-gnu/9/../../../x86_64-linux-gnu/crti.o /usr/lib/gcc/x86_64-linux-gnu/9/crtbeginS.o -L/usr/lib/gcc/x86_64-linux-gnu/9 -L/usr/lib/gcc/x86_64-linux-gnu/9/../../../x86_64-linux-gnu -L/usr/lib/gcc/x86_64-linux-gnu/9/../../../../lib -L/lib/x86_64-linux-gnu -L/lib/../lib -L/usr/lib/x86_64-linux-gnu -L/usr/lib/../lib -L/usr/lib/gcc/x86_64-linux-gnu/9/../../.. CMakeFiles/cmTC_651bb.dir/CMakeCCompilerABI.c.o -lgcc --push-state --as-needed -lgcc_s --pop-state -lc -lgcc --push-state --as-needed -lgcc_s --pop-state /usr/lib/gcc/x86_64-linux-gnu/9/crtendS.o /usr/lib/gcc/x86_64-linux-gnu/9/../../../x86_64-linux-gnu/crtn.o]
    arg [/usr/lib/gcc/x86_64-linux-gnu/9/collect2] ==> ignore
    arg [-plugin] ==> ignore
    arg [/usr/lib/gcc/x86_64-linux-gnu/9/liblto_plugin.so] ==> ignore
    arg [-plugin-opt=/usr/lib/gcc/x86_64-linux-gnu/9/lto-wrapper] ==> ignore
    arg [-plugin-opt=-fresolution=/tmp/ccZzBzDa.res] ==> ignore
    arg [-plugin-opt=-pass-through=-lgcc] ==> ignore
    arg [-plugin-opt=-pass-through=-lgcc_s] ==> ignore
    arg [-plugin-opt=-pass-through=-lc] ==> ignore
    arg [-plugin-opt=-pass-through=-lgcc] ==> ignore
    arg [-plugin-opt=-pass-through=-lgcc_s] ==> ignore
    arg [--build-id] ==> ignore
    arg [--eh-frame-hdr] ==> ignore
    arg [-m] ==> ignore
    arg [elf_x86_64] ==> ignore
    arg [--hash-style=gnu] ==> ignore
    arg [--as-needed] ==> ignore
    arg [-export-dynamic] ==> ignore
    arg [-dynamic-linker] ==> ignore
    arg [/lib64/ld-linux-x86-64.so.2] ==> ignore
    arg [-pie] ==> ignore
    arg [-znow] ==> ignore
    arg [-zrelro] ==> ignore
    arg [-o] ==> ignore
    arg [cmTC_651bb] ==> ignore
    arg [/usr/lib/gcc/x86_64-linux-gnu/9/../../../x86_64-linux-gnu/Scrt1.o] ==> obj [/usr/lib/gcc/x86_64-linux-gnu/9/../../../x86_64-linux-gnu/Scrt1.o]
    arg [/usr/lib/gcc/x86_64-linux-gnu/9/../../../x86_64-linux-gnu/crti.o] ==> obj [/usr/lib/gcc/x86_64-linux-gnu/9/../../../x86_64-linux-gnu/crti.o]
    arg [/usr/lib/gcc/x86_64-linux-gnu/9/crtbeginS.o] ==> obj [/usr/lib/gcc/x86_64-linux-gnu/9/crtbeginS.o]
    arg [-L/usr/lib/gcc/x86_64-linux-gnu/9] ==> dir [/usr/lib/gcc/x86_64-linux-gnu/9]
    arg [-L/usr/lib/gcc/x86_64-linux-gnu/9/../../../x86_64-linux-gnu] ==> dir [/usr/lib/gcc/x86_64-linux-gnu/9/../../../x86_64-linux-gnu]
    arg [-L/usr/lib/gcc/x86_64-linux-gnu/9/../../../../lib] ==> dir [/usr/lib/gcc/x86_64-linux-gnu/9/../../../../lib]
    arg [-L/lib/x86_64-linux-gnu] ==> dir [/lib/x86_64-linux-gnu]
    arg [-L/lib/../lib] ==> dir [/lib/../lib]
    arg [-L/usr/lib/x86_64-linux-gnu] ==> dir [/usr/lib/x86_64-linux-gnu]
    arg [-L/usr/lib/../lib] ==> dir [/usr/lib/../lib]
    arg [-L/usr/lib/gcc/x86_64-linux-gnu/9/../../..] ==> dir [/usr/lib/gcc/x86_64-linux-gnu/9/../../..]
    arg [CMakeFiles/cmTC_651bb.dir/CMakeCCompilerABI.c.o] ==> ignore
    arg [-lgcc] ==> lib [gcc]
    arg [--push-state] ==> ignore
    arg [--as-needed] ==> ignore
    arg [-lgcc_s] ==> lib [gcc_s]
    arg [--pop-state] ==> ignore
    arg [-lc] ==> lib [c]
    arg [-lgcc] ==> lib [gcc]
    arg [--push-state] ==> ignore
    arg [--as-needed] ==> ignore
    arg [-lgcc_s] ==> lib [gcc_s]
    arg [--pop-state] ==> ignore
    arg [/usr/lib/gcc/x86_64-linux-gnu/9/crtendS.o] ==> obj [/usr/lib/gcc/x86_64-linux-gnu/9/crtendS.o]
    arg [/usr/lib/gcc/x86_64-linux-gnu/9/../../../x86_64-linux-gnu/crtn.o] ==> obj [/usr/lib/gcc/x86_64-linux-gnu/9/../../../x86_64-linux-gnu/crtn.o]
  collapse obj [/usr/lib/gcc/x86_64-linux-gnu/9/../../../x86_64-linux-gnu/Scrt1.o] ==> [/usr/lib/x86_64-linux-gnu/Scrt1.o]
  collapse obj [/usr/lib/gcc/x86_64-linux-gnu/9/../../../x86_64-linux-gnu/crti.o] ==> [/usr/lib/x86_64-linux-gnu/crti.o]
  collapse obj [/usr/lib/gcc/x86_64-linux-gnu/9/../../../x86_64-linux-gnu/crtn.o] ==> [/usr/lib/x86_64-linux-gnu/crtn.o]
  collapse library dir [/usr/lib/gcc/x86_64-linux-gnu/9] ==> [/usr/lib/gcc/x86_64-linux-gnu/9]
  collapse library dir [/usr/lib/gcc/x86_64-linux-gnu/9/../../../x86_64-linux-gnu] ==> [/usr/lib/x86_64-linux-gnu]
  collapse library dir [/usr/lib/gcc/x86_64-linux-gnu/9/../../../../lib] ==> [/usr/lib]
  collapse library dir [/lib/x86_64-linux-gnu] ==> [/lib/x86_64-linux-gnu]
  collapse library dir [/lib/../lib] ==> [/lib]
  collapse library dir [/usr/lib/x86_64-linux-gnu] ==> [/usr/lib/x86_64-linux-gnu]
  collapse library dir [/usr/lib/../lib] ==> [/usr/lib]
  collapse library dir [/usr/lib/gcc/x86_64-linux-gnu/9/../../..] ==> [/usr/lib]
  implicit libs: [gcc;gcc_s;c;gcc;gcc_s]
  implicit objs: [/usr/lib/x86_64-linux-gnu/Scrt1.o;/usr/lib/x86_64-linux-gnu/crti.o;/usr/lib/gcc/x86_64-linux-gnu/9/crtbeginS.o;/usr/lib/gcc/x86_64-linux-gnu/9/crtendS.o;/usr/lib/x86_64-linux-gnu/crtn.o]
  implicit dirs: [/usr/lib/gcc/x86_64-linux-gnu/9;/usr/lib/x86_64-linux-gnu;/usr/lib;/lib/x86_64-linux-gnu;/lib]
  implicit fwks: []


Detecting CXX compiler ABI info compiled with the following output:
Change Dir: /home/alephnoell/quabs/build/libsolve/src/cmsat-prefix/src/cmsat-build/CMakeFiles/CMakeTmp

Run Build Command(s):/usr/bin/make -f Makefile cmTC_8ce3d/fast && make[3]: Entering directory '/home/alephnoell/quabs/build/libsolve/src/cmsat-prefix/src/cmsat-build/CMakeFiles/CMakeTmp'
/usr/bin/make  -f CMakeFiles/cmTC_8ce3d.dir/build.make CMakeFiles/cmTC_8ce3d.dir/build
make[4]: Entering directory '/home/alephnoell/quabs/build/libsolve/src/cmsat-prefix/src/cmsat-build/CMakeFiles/CMakeTmp'
Building CXX object CMakeFiles/cmTC_8ce3d.dir/CMakeCXXCompilerABI.cpp.o
/usr/bin/c++   -v -o CMakeFiles/cmTC_8ce3d.dir/CMakeCXXCompilerABI.cpp.o -c /snap/cmake/870/share/cmake-3.20/Modules/CMakeCXXCompilerABI.cpp
Using built-in specs.
COLLECT_GCC=/usr/bin/c++
OFFLOAD_TARGET_NAMES=nvptx-none:hsa
OFFLOAD_TARGET_DEFAULT=1
Target: x86_64-linux-gnu
Configured with: ../src/configure -v --with-pkgversion='Ubuntu 9.3.0-17ubuntu1~20.04' --with-bugurl=file:///usr/share/doc/gcc-9/README.Bugs --enable-languages=c,ada,c++,go,brig,d,fortran,objc,obj-c++,gm2 --prefix=/usr --with-gcc-major-version-only --program-suffix=-9 --program-prefix=x86_64-linux-gnu- --enable-shared --enable-linker-build-id --libexecdir=/usr/lib --without-included-gettext --enable-threads=posix --libdir=/usr/lib --enable-nls --enable-clocale=gnu --enable-libstdcxx-debug --enable-libstdcxx-time=yes --with-default-libstdcxx-abi=new --enable-gnu-unique-object --disable-vtable-verify --enable-plugin --enable-default-pie --with-system-zlib --with-target-system-zlib=auto --enable-objc-gc=auto --enable-multiarch --disable-werror --with-arch-32=i686 --with-abi=m64 --with-multilib-list=m32,m64,mx32 --enable-multilib --with-tune=generic --enable-offload-targets=nvptx-none=/build/gcc-9-HskZEa/gcc-9-9.3.0/debian/tmp-nvptx/usr,hsa --without-cuda-driver --enable-checking=release --build=x86_64-linux-gnu --host=x86_64-linux-gnu --target=x86_64-linux-gnu
Thread model: posix
gcc version 9.3.0 (Ubuntu 9.3.0-17ubuntu1~20.04) 
COLLECT_GCC_OPTIONS='-v' '-o' 'CMakeFiles/cmTC_8ce3d.dir/CMakeCXXCompilerABI.cpp.o' '-c' '-shared-libgcc' '-mtune=generic' '-march=x86-64'
 /usr/lib/gcc/x86_64-linux-gnu/9/cc1plus -quiet -v -imultiarch x86_64-linux-gnu -D_GNU_SOURCE /snap/cmake/870/share/cmake-3.20/Modules/CMakeCXXCompilerABI.cpp -quiet -dumpbase CMakeCXXCompilerABI.cpp -mtune=generic -march=x86-64 -auxbase-strip CMakeFiles/cmTC_8ce3d.dir/CMakeCXXCompilerABI.cpp.o -version -fasynchronous-unwind-tables -fstack-protector-strong -Wformat -Wformat-security -fstack-clash-protection -fcf-protection -o /tmp/ccjhnQMF.s
GNU C++14 (Ubuntu 9.3.0-17ubuntu1~20.04) version 9.3.0 (x86_64-linux-gnu)
	compiled by GNU C version 9.3.0, GMP version 6.2.0, MPFR version 4.0.2, MPC version 1.1.0, isl version isl-0.22.1-GMP

GGC heuristics: --param ggc-min-expand=100 --param ggc-min-heapsize=131072
ignoring duplicate directory "/usr/include/x86_64-linux-gnu/c++/9"
ignoring nonexistent directory "/usr/local/include/x86_64-linux-gnu"
ignoring nonexistent directory "/usr/lib/gcc/x86_64-linux-gnu/9/include-fixed"
ignoring nonexistent directory "/usr/lib/gcc/x86_64-linux-gnu/9/../../../../x86_64-linux-gnu/include"
#include "..." search starts here:
#include <...> search starts here:
 /usr/include/c++/9
 /usr/include/x86_64-linux-gnu/c++/9
 /usr/include/c++/9/backward
 /usr/lib/gcc/x86_64-linux-gnu/9/include
 /usr/local/include
 /usr/include/x86_64-linux-gnu
 /usr/include
End of search list.
GNU C++14 (Ubuntu 9.3.0-17ubuntu1~20.04) version 9.3.0 (x86_64-linux-gnu)
	compiled by GNU C version 9.3.0, GMP version 6.2.0, MPFR version 4.0.2, MPC version 1.1.0, isl version isl-0.22.1-GMP

GGC heuristics: --param ggc-min-expand=100 --param ggc-min-heapsize=131072
Compiler executable checksum: 466f818abe2f30ba03783f22bd12d815
COLLECT_GCC_OPTIONS='-v' '-o' 'CMakeFiles/cmTC_8ce3d.dir/CMakeCXXCompilerABI.cpp.o' '-c' '-shared-libgcc' '-mtune=generic' '-march=x86-64'
 as -v --64 -o CMakeFiles/cmTC_8ce3d.dir/CMakeCXXCompilerABI.cpp.o /tmp/ccjhnQMF.s
GNU assembler version 2.34 (x86_64-linux-gnu) using BFD version (GNU Binutils for Ubuntu) 2.34
COMPILER_PATH=/usr/lib/gcc/x86_64-linux-gnu/9/:/usr/lib/gcc/x86_64-linux-gnu/9/:/usr/lib/gcc/x86_64-linux-gnu/:/usr/lib/gcc/x86_64-linux-gnu/9/:/usr/lib/gcc/x86_64-linux-gnu/
LIBRARY_PATH=/usr/lib/gcc/x86_64-linux-gnu/9/:/usr/lib/gcc/x86_64-linux-gnu/9/../../../x86_64-linux-gnu/:/usr/lib/gcc/x86_64-linux-gnu/9/../../../../lib/:/lib/x86_64-linux-gnu/:/lib/../lib/:/usr/lib/x86_64-linux-gnu/:/usr/lib/../lib/:/usr/lib/gcc/x86_64-linux-gnu/9/../../../:/lib/:/usr/lib/
COLLECT_GCC_OPTIONS='-v' '-o' 'CMakeFiles/cmTC_8ce3d.dir/CMakeCXXCompilerABI.cpp.o' '-c' '-shared-libgcc' '-mtune=generic' '-march=x86-64'
Linking CXX executable cmTC_8ce3d
/snap/cmake/870/bin/cmake -E cmake_link_script CMakeFiles/cmTC_8ce3d.dir/link.txt --verbose=1
/usr/bin/c++  -v -rdynamic CMakeFiles/cmTC_8ce3d.dir/CMakeCXXCompilerABI.cpp.o -o cmTC_8ce3d 
Using built-in specs.
COLLECT_GCC=/usr/bin/c++
COLLECT_LTO_WRAPPER=/usr/lib/gcc/x86_64-linux-gnu/9/lto-wrapper
OFFLOAD_TARGET_NAMES=nvptx-none:hsa
OFFLOAD_TARGET_DEFAULT=1
Target: x86_64-linux-gnu
Configured with: ../src/configure -v --with-pkgversion='Ubuntu 9.3.0-17ubuntu1~20.04' --with-bugurl=file:///usr/share/doc/gcc-9/README.Bugs --enable-languages=c,ada,c++,go,brig,d,fortran,objc,obj-c++,gm2 --prefix=/usr --with-gcc-major-version-only --program-suffix=-9 --program-prefix=x86_64-linux-gnu- --enable-shared --enable-linker-build-id --libexecdir=/usr/lib --without-included-gettext --enable-threads=posix --libdir=/usr/lib --enable-nls --enable-clocale=gnu --enable-libstdcxx-debug --enable-libstdcxx-time=yes --with-default-libstdcxx-abi=new --enable-gnu-unique-object --disable-vtable-verify --enable-plugin --enable-default-pie --with-system-zlib --with-target-system-zlib=auto --enable-objc-gc=auto --enable-multiarch --disable-werror --with-arch-32=i686 --with-abi=m64 --with-multilib-list=m32,m64,mx32 --enable-multilib --with-tune=generic --enable-offload-targets=nvptx-none=/build/gcc-9-HskZEa/gcc-9-9.3.0/debian/tmp-nvptx/usr,hsa --without-cuda-driver --enable-checking=release --build=x86_64-linux-gnu --host=x86_64-linux-gnu --target=x86_64-linux-gnu
Thread model: posix
gcc version 9.3.0 (Ubuntu 9.3.0-17ubuntu1~20.04) 
COMPILER_PATH=/usr/lib/gcc/x86_64-linux-gnu/9/:/usr/lib/gcc/x86_64-linux-gnu/9/:/usr/lib/gcc/x86_64-linux-gnu/:/usr/lib/gcc/x86_64-linux-gnu/9/:/usr/lib/gcc/x86_64-linux-gnu/
LIBRARY_PATH=/usr/lib/gcc/x86_64-linux-gnu/9/:/usr/lib/gcc/x86_64-linux-gnu/9/../../../x86_64-linux-gnu/:/usr/lib/gcc/x86_64-linux-gnu/9/../../../../lib/:/lib/x86_64-linux-gnu/:/lib/../lib/:/usr/lib/x86_64-linux-gnu/:/usr/lib/../lib/:/usr/lib/gcc/x86_64-linux-gnu/9/../../../:/lib/:/usr/lib/
COLLECT_GCC_OPTIONS='-v' '-rdynamic' '-o' 'cmTC_8ce3d' '-shared-libgcc' '-mtune=generic' '-march=x86-64'
 /usr/lib/gcc/x86_64-linux-gnu/9/collect2 -plugin /usr/lib/gcc/x86_64-linux-gnu/9/liblto_plugin.so -plugin-opt=/usr/lib/gcc/x86_64-linux-gnu/9/lto-wrapper -plugin-opt=-fresolution=/tmp/ccN66Jsa.res -plugin-opt=-pass-through=-lgcc_s -plugin-opt=-pass-through=-lgcc -plugin-opt=-pass-through=-lc -plugin-opt=-pass-through=-lgcc_s -plugin-opt=-pass-through=-lgcc --build-id --eh-frame-hdr -m elf_x86_64 --hash-style=gnu --as-needed -export-dynamic -dynamic-linker /lib64/ld-linux-x86-64.so.2 -pie -z now -z relro -o cmTC_8ce3d /usr/lib/gcc/x86_64-linux-gnu/9/../../../x86_64-linux-gnu/Scrt1.o /usr/lib/gcc/x86_64-linux-gnu/9/../../../x86_64-linux-gnu/crti.o /usr/lib/gcc/x86_64-linux-gnu/9/crtbeginS.o -L/usr/lib/gcc/x86_64-linux-gnu/9 -L/usr/lib/gcc/x86_64-linux-gnu/9/../../../x86_64-linux-gnu -L/usr/lib/gcc/x86_64-linux-gnu/9/../../../../lib -L/lib/x86_64-linux-gnu -L/lib/../lib -L/usr/lib/x86_64-linux-gnu -L/usr/lib/../lib -L/usr/lib/gcc/x86_64-linux-gnu/9/../../.. CMakeFiles/cmTC_8ce3d.dir/CMakeCXXCompilerABI.cpp.o -lstdc++ -lm -lgcc_s -lgcc -lc -lgcc_s -lgcc /usr/lib/gcc/x86_64-linux-gnu/9/crtendS.o /usr/lib/gcc/x86_64-linux-gnu/9/../../../x86_64-linux-gnu/crtn.o
COLLECT_GCC_OPTIONS='-v' '-rdynamic' '-o' 'cmTC_8ce3d' '-shared-libgcc' '-mtune=generic' '-march=x86-64'
make[4]: Leaving directory '/home/alephnoell/quabs/build/libsolve/src/cmsat-prefix/src/cmsat-build/CMakeFiles/CMakeTmp'
make[3]: Leaving directory '/home/alephnoell/quabs/build/libsolve/src/cmsat-prefix/src/cmsat-build/CMakeFiles/CMakeTmp'



Parsed CXX implicit include dir info from above output: rv=done
  found start of include info
  found start of implicit include info
    add: [/usr/include/c++/9]
    add: [/usr/include/x86_64-linux-gnu/c++/9]
    add: [/usr/include/c++/9/backward]
    add: [/usr/lib/gcc/x86_64-linux-gnu/9/include]
    add: [/usr/local/include]
    add: [/usr/include/x86_64-linux-gnu]
    add: [/usr/include]
  end of search list found
  collapse include dir [/usr/include/c++/9] ==> [/usr/include/c++/9]
  collapse include dir [/usr/include/x86_64-linux-gnu/c++/9] ==> [/usr/include/x86_64-linux-gnu/c++/9]
  collapse include dir [/usr/include/c++/9/backward] ==> [/usr/include/c++/9/backward]
  collapse include dir [/usr/lib/gcc/x86_64-linux-gnu/9/include] ==> [/usr/lib/gcc/x86_64-linux-gnu/9/include]
  collapse include dir [/usr/local/include] ==> [/usr/local/include]
  collapse include dir [/usr/include/x86_64-linux-gnu] ==> [/usr/include/x86_64-linux-gnu]
  collapse include dir [/usr/include] ==> [/usr/include]
  implicit include dirs: [/usr/include/c++/9;/usr/include/x86_64-linux-gnu/c++/9;/usr/include/c++/9/backward;/usr/lib/gcc/x86_64-linux-gnu/9/include;/usr/local/include;/usr/include/x86_64-linux-gnu;/usr/include]


Parsed CXX implicit link information from above output:
  link line regex: [^( *|.*[/\])(ld|CMAKE_LINK_STARTFILE-NOTFOUND|([^/\]+-)?ld|collect2)[^/\]*( |$)]
  ignore line: [Change Dir: /home/alephnoell/quabs/build/libsolve/src/cmsat-prefix/src/cmsat-build/CMakeFiles/CMakeTmp]
  ignore line: []
  ignore line: [Run Build Command(s):/usr/bin/make -f Makefile cmTC_8ce3d/fast && make[3]: Entering directory '/home/alephnoell/quabs/build/libsolve/src/cmsat-prefix/src/cmsat-build/CMakeFiles/CMakeTmp']
  ignore line: [/usr/bin/make  -f CMakeFiles/cmTC_8ce3d.dir/build.make CMakeFiles/cmTC_8ce3d.dir/build]
  ignore line: [make[4]: Entering directory '/home/alephnoell/quabs/build/libsolve/src/cmsat-prefix/src/cmsat-build/CMakeFiles/CMakeTmp']
  ignore line: [Building CXX object CMakeFiles/cmTC_8ce3d.dir/CMakeCXXCompilerABI.cpp.o]
  ignore line: [/usr/bin/c++   -v -o CMakeFiles/cmTC_8ce3d.dir/CMakeCXXCompilerABI.cpp.o -c /snap/cmake/870/share/cmake-3.20/Modules/CMakeCXXCompilerABI.cpp]
  ignore line: [Using built-in specs.]
  ignore line: [COLLECT_GCC=/usr/bin/c++]
  ignore line: [OFFLOAD_TARGET_NAMES=nvptx-none:hsa]
  ignore line: [OFFLOAD_TARGET_DEFAULT=1]
  ignore line: [Target: x86_64-linux-gnu]
  ignore line: [Configured with: ../src/configure -v --with-pkgversion='Ubuntu 9.3.0-17ubuntu1~20.04' --with-bugurl=file:///usr/share/doc/gcc-9/README.Bugs --enable-languages=c ada c++ go brig d fortran objc obj-c++ gm2 --prefix=/usr --with-gcc-major-version-only --program-suffix=-9 --program-prefix=x86_64-linux-gnu- --enable-shared --enable-linker-build-id --libexecdir=/usr/lib --without-included-gettext --enable-threads=posix --libdir=/usr/lib --enable-nls --enable-clocale=gnu --enable-libstdcxx-debug --enable-libstdcxx-time=yes --with-default-libstdcxx-abi=new --enable-gnu-unique-object --disable-vtable-verify --enable-plugin --enable-default-pie --with-system-zlib --with-target-system-zlib=auto --enable-objc-gc=auto --enable-multiarch --disable-werror --with-arch-32=i686 --with-abi=m64 --with-multilib-list=m32 m64 mx32 --enable-multilib --with-tune=generic --enable-offload-targets=nvptx-none=/build/gcc-9-HskZEa/gcc-9-9.3.0/debian/tmp-nvptx/usr hsa --without-cuda-driver --enable-checking=release --build=x86_64-linux-gnu --host=x86_64-linux-gnu --target=x86_64-linux-gnu]
  ignore line: [Thread model: posix]
  ignore line: [gcc version 9.3.0 (Ubuntu 9.3.0-17ubuntu1~20.04) ]
  ignore line: [COLLECT_GCC_OPTIONS='-v' '-o' 'CMakeFiles/cmTC_8ce3d.dir/CMakeCXXCompilerABI.cpp.o' '-c' '-shared-libgcc' '-mtune=generic' '-march=x86-64']
  ignore line: [ /usr/lib/gcc/x86_64-linux-gnu/9/cc1plus -quiet -v -imultiarch x86_64-linux-gnu -D_GNU_SOURCE /snap/cmake/870/share/cmake-3.20/Modules/CMakeCXXCompilerABI.cpp -quiet -dumpbase CMakeCXXCompilerABI.cpp -mtune=generic -march=x86-64 -auxbase-strip CMakeFiles/cmTC_8ce3d.dir/CMakeCXXCompilerABI.cpp.o -version -fasynchronous-unwind-tables -fstack-protector-strong -Wformat -Wformat-security -fstack-clash-protection -fcf-protection -o /tmp/ccjhnQMF.s]
  ignore line: [GNU C++14 (Ubuntu 9.3.0-17ubuntu1~20.04) version 9.3.0 (x86_64-linux-gnu)]
  ignore line: [	compiled by GNU C version 9.3.0  GMP version 6.2.0  MPFR version 4.0.2  MPC version 1.1.0  isl version isl-0.22.1-GMP]
  ignore line: []
  ignore line: [GGC heuristics: --param ggc-min-expand=100 --param ggc-min-heapsize=131072]
  ignore line: [ignoring duplicate directory "/usr/include/x86_64-linux-gnu/c++/9"]
  ignore line: [ignoring nonexistent directory "/usr/local/include/x86_64-linux-gnu"]
  ignore line: [ignoring nonexistent directory "/usr/lib/gcc/x86_64-linux-gnu/9/include-fixed"]
  ignore line: [ignoring nonexistent directory "/usr/lib/gcc/x86_64-linux-gnu/9/../../../../x86_64-linux-gnu/include"]
  ignore line: [#include "..." search starts here:]
  ignore line: [#include <...> search starts here:]
  ignore line: [ /usr/include/c++/9]
  ignore line: [ /usr/include/x86_64-linux-gnu/c++/9]
  ignore line: [ /usr/include/c++/9/backward]
  ignore line: [ /usr/lib/gcc/x86_64-linux-gnu/9/include]
  ignore line: [ /usr/local/include]
  ignore line: [ /usr/include/x86_64-linux-gnu]
  ignore line: [ /usr/include]
  ignore line: [End of search list.]
  ignore line: [GNU C++14 (Ubuntu 9.3.0-17ubuntu1~20.04) version 9.3.0 (x86_64-linux-gnu)]
  ignore line: [	compiled by GNU C version 9.3.0  GMP version 6.2.0  MPFR version 4.0.2  MPC version 1.1.0  isl version isl-0.22.1-GMP]
  ignore line: []
  ignore line: [GGC heuristics: --param ggc-min-expand=100 --param ggc-min-heapsize=131072]
  ignore line: [Compiler executable checksum: 466f818abe2f30ba03783f22bd12d815]
  ignore line: [COLLECT_GCC_OPTIONS='-v' '-o' 'CMakeFiles/cmTC_8ce3d.dir/CMakeCXXCompilerABI.cpp.o' '-c' '-shared-libgcc' '-mtune=generic' '-march=x86-64']
  ignore line: [ as -v --64 -o CMakeFiles/cmTC_8ce3d.dir/CMakeCXXCompilerABI.cpp.o /tmp/ccjhnQMF.s]
  ignore line: [GNU assembler version 2.34 (x86_64-linux-gnu) using BFD version (GNU Binutils for Ubuntu) 2.34]
  ignore line: [COMPILER_PATH=/usr/lib/gcc/x86_64-linux-gnu/9/:/usr/lib/gcc/x86_64-linux-gnu/9/:/usr/lib/gcc/x86_64-linux-gnu/:/usr/lib/gcc/x86_64-linux-gnu/9/:/usr/lib/gcc/x86_64-linux-gnu/]
  ignore line: [LIBRARY_PATH=/usr/lib/gcc/x86_64-linux-gnu/9/:/usr/lib/gcc/x86_64-linux-gnu/9/../../../x86_64-linux-gnu/:/usr/lib/gcc/x86_64-linux-gnu/9/../../../../lib/:/lib/x86_64-linux-gnu/:/lib/../lib/:/usr/lib/x86_64-linux-gnu/:/usr/lib/../lib/:/usr/lib/gcc/x86_64-linux-gnu/9/../../../:/lib/:/usr/lib/]
  ignore line: [COLLECT_GCC_OPTIONS='-v' '-o' 'CMakeFiles/cmTC_8ce3d.dir/CMakeCXXCompilerABI.cpp.o' '-c' '-shared-libgcc' '-mtune=generic' '-march=x86-64']
  ignore line: [Linking CXX executable cmTC_8ce3d]
  ignore line: [/snap/cmake/870/bin/cmake -E cmake_link_script CMakeFiles/cmTC_8ce3d.dir/link.txt --verbose=1]
  ignore line: [/usr/bin/c++  -v -rdynamic CMakeFiles/cmTC_8ce3d.dir/CMakeCXXCompilerABI.cpp.o -o cmTC_8ce3d ]
  ignore line: [Using built-in specs.]
  ignore line: [COLLECT_GCC=/usr/bin/c++]
  ignore line: [COLLECT_LTO_WRAPPER=/usr/lib/gcc/x86_64-linux-gnu/9/lto-wrapper]
  ignore line: [OFFLOAD_TARGET_NAMES=nvptx-none:hsa]
  ignore line: [OFFLOAD_TARGET_DEFAULT=1]
  ignore line: [Target: x86_64-linux-gnu]
  ignore line: [Configured with: ../src/configure -v --with-pkgversion='Ubuntu 9.3.0-17ubuntu1~20.04' --with-bugurl=file:///usr/share/doc/gcc-9/README.Bugs --enable-languages=c ada c++ go brig d fortran objc obj-c++ gm2 --prefix=/usr --with-gcc-major-version-only --program-suffix=-9 --program-prefix=x86_64-linux-gnu- --enable-shared --enable-linker-build-id --libexecdir=/usr/lib --without-included-gettext --enable-threads=posix --libdir=/usr/lib --enable-nls --enable-clocale=gnu --enable-libstdcxx-debug --enable-libstdcxx-time=yes --with-default-libstdcxx-abi=new --enable-gnu-unique-object --disable-vtable-verify --enable-plugin --enable-default-pie --with-system-zlib --with-target-system-zlib=auto --enable-objc-gc=auto --enable-multiarch --disable-werror --with-arch-32=i686 --with-abi=m64 --with-multilib-list=m32 m64 mx32 --enable-multilib --with-tune=generic --enable-offload-targets=nvptx-none=/build/gcc-9-HskZEa/gcc-9-9.3.0/debian/tmp-nvptx/usr hsa --without-cuda-driver --enable-checking=release --build=x86_64-linux-gnu --host=x86_64-linux-gnu --target=x86_64-linux-gnu]
  ignore line: [Thread model: posix]
  ignore line: [gcc version 9.3.0 (Ubuntu 9.3.0-17ubuntu1~20.04) ]
  ignore line: [COMPILER_PATH=/usr/lib/gcc/x86_64-linux-gnu/9/:/usr/lib/gcc/x86_64-linux-gnu/9/:/usr/lib/gcc/x86_64-linux-gnu/:/usr/lib/gcc/x86_64-linux-gnu/9/:/usr/lib/gcc/x86_64-linux-gnu/]
  ignore line: [LIBRARY_PATH=/usr/lib/gcc/x86_64-linux-gnu/9/:/usr/lib/gcc/x86_64-linux-gnu/9/../../../x86_64-linux-gnu/:/usr/lib/gcc/x86_64-linux-gnu/9/../../../../lib/:/lib/x86_64-linux-gnu/:/lib/../lib/:/usr/lib/x86_64-linux-gnu/:/usr/lib/../lib/:/usr/lib/gcc/x86_64-linux-gnu/9/../../../:/lib/:/usr/lib/]
  ignore line: [COLLECT_GCC_OPTIONS='-v' '-rdynamic' '-o' 'cmTC_8ce3d' '-shared-libgcc' '-mtune=generic' '-march=x86-64']
  link line: [ /usr/lib/gcc/x86_64-linux-gnu/9/collect2 -plugin /usr/lib/gcc/x86_64-linux-gnu/9/liblto_plugin.so -plugin-opt=/usr/lib/gcc/x86_64-linux-gnu/9/lto-wrapper -plugin-opt=-fresolution=/tmp/ccN66Jsa.res -plugin-opt=-pass-through=-lgcc_s -plugin-opt=-pass-through=-lgcc -plugin-opt=-pass-through=-lc -plugin-opt=-pass-through=-lgcc_s -plugin-opt=-pass-through=-lgcc --build-id --eh-frame-hdr -m elf_x86_64 --hash-style=gnu --as-needed -export-dynamic -dynamic-linker /lib64/ld-linux-x86-64.so.2 -pie -z now -z relro -o cmTC_8ce3d /usr/lib/gcc/x86_64-linux-gnu/9/../../../x86_64-linux-gnu/Scrt1.o /usr/lib/gcc/x86_64-linux-gnu/9/../../../x86_64-linux-gnu/crti.o /usr/lib/gcc/x86_64-linux-gnu/9/crtbeginS.o -L/usr/lib/gcc/x86_64-linux-gnu/9 -L/usr/lib/gcc/x86_64-linux-gnu/9/../../../x86_64-linux-gnu -L/usr/lib/gcc/x86_64-linux-gnu/9/../../../../lib -L/lib/x86_64-linux-gnu -L/lib/../lib -L/usr/lib/x86_64-linux-gnu -L/usr/lib/../lib -L/usr/lib/gcc/x86_64-linux-gnu/9/../../.. CMakeFiles/cmTC_8ce3d.dir/CMakeCXXCompilerABI.cpp.o -lstdc++ -lm -lgcc_s -lgcc -lc -lgcc_s -lgcc /usr/lib/gcc/x86_64-linux-gnu/9/crtendS.o /usr/lib/gcc/x86_64-linux-gnu/9/../../../x86_64-linux-gnu/crtn.o]
    arg [/usr/lib/gcc/x86_64-linux-gnu/9/collect2] ==> ignore
    arg [-plugin] ==> ignore
    arg [/usr/lib/gcc/x86_64-linux-gnu/9/liblto_plugin.so] ==> ignore
    arg [-plugin-opt=/usr/lib/gcc/x86_64-linux-gnu/9/lto-wrapper] ==> ignore
    arg [-plugin-opt=-fresolution=/tmp/ccN66Jsa.res] ==> ignore
    arg [-plugin-opt=-pass-through=-lgcc_s] ==> ignore
    arg [-plugin-opt=-pass-through=-lgcc] ==> ignore
    arg [-plugin-opt=-pass-through=-lc] ==> ignore
    arg [-plugin-opt=-pass-through=-lgcc_s] ==> ignore
    arg [-plugin-opt=-pass-through=-lgcc] ==> ignore
    arg [--build-id] ==> ignore
    arg [--eh-frame-hdr] ==> ignore
    arg [-m] ==> ignore
    arg [elf_x86_64] ==> ignore
    arg [--hash-style=gnu] ==> ignore
    arg [--as-needed] ==> ignore
    arg [-export-dynamic] ==> ignore
    arg [-dynamic-linker] ==> ignore
    arg [/lib64/ld-linux-x86-64.so.2] ==> ignore
    arg [-pie] ==> ignore
    arg [-znow] ==> ignore
    arg [-zrelro] ==> ignore
    arg [-o] ==> ignore
    arg [cmTC_8ce3d] ==> ignore
    arg [/usr/lib/gcc/x86_64-linux-gnu/9/../../../x86_64-linux-gnu/Scrt1.o] ==> obj [/usr/lib/gcc/x86_64-linux-gnu/9/../../../x86_64-linux-gnu/Scrt1.o]
    arg [/usr/lib/gcc/x86_64-linux-gnu/9/../../../x86_64-linux-gnu/crti.o] ==> obj [/usr/lib/gcc/x86_64-linux-gnu/9/../../../x86_64-linux-gnu/crti.o]
    arg [/usr/lib/gcc/x86_64-linux-gnu/9/crtbeginS.o] ==> obj [/usr/lib/gcc/x86_64-linux-gnu/9/crtbeginS.o]
    arg [-L/usr/lib/gcc/x86_64-linux-gnu/9] ==> dir [/usr/lib/gcc/x86_64-linux-gnu/9]
    arg [-L/usr/lib/gcc/x86_64-linux-gnu/9/../../../x86_64-linux-gnu] ==> dir [/usr/lib/gcc/x86_64-linux-gnu/9/../../../x86_64-linux-gnu]
    arg [-L/usr/lib/gcc/x86_64-linux-gnu/9/../../../../lib] ==> dir [/usr/lib/gcc/x86_64-linux-gnu/9/../../../../lib]
    arg [-L/lib/x86_64-linux-gnu] ==> dir [/lib/x86_64-linux-gnu]
    arg [-L/lib/../lib] ==> dir [/lib/../lib]
    arg [-L/usr/lib/x86_64-linux-gnu] ==> dir [/usr/lib/x86_64-linux-gnu]
    arg [-L/usr/lib/../lib] ==> dir [/usr/lib/../lib]
    arg [-L/usr/lib/gcc/x86_64-linux-gnu/9/../../..] ==> dir [/usr/lib/gcc/x86_64-linux-gnu/9/../../..]
    arg [CMakeFiles/cmTC_8ce3d.dir/CMakeCXXCompilerABI.cpp.o] ==> ignore
    arg [-lstdc++] ==> lib [stdc++]
    arg [-lm] ==> lib [m]
    arg [-lgcc_s] ==> lib [gcc_s]
    arg [-lgcc] ==> lib [gcc]
    arg [-lc] ==> lib [c]
    arg [-lgcc_s] ==> lib [gcc_s]
    arg [-lgcc] ==> lib [gcc]
    arg [/usr/lib/gcc/x86_64-linux-gnu/9/crtendS.o] ==> obj [/usr/lib/gcc/x86_64-linux-gnu/9/crtendS.o]
    arg [/usr/lib/gcc/x86_64-linux-gnu/9/../../../x86_64-linux-gnu/crtn.o] ==> obj [/usr/lib/gcc/x86_64-linux-gnu/9/../../../x86_64-linux-gnu/crtn.o]
  collapse obj [/usr/lib/gcc/x86_64-linux-gnu/9/../../../x86_64-linux-gnu/Scrt1.o] ==> [/usr/lib/x86_64-linux-gnu/Scrt1.o]
  collapse obj [/usr/lib/gcc/x86_64-linux-gnu/9/../../../x86_64-linux-gnu/crti.o] ==> [/usr/lib/x86_64-linux-gnu/crti.o]
  collapse obj [/usr/lib/gcc/x86_64-linux-gnu/9/../../../x86_64-linux-gnu/crtn.o] ==> [/usr/lib/x86_64-linux-gnu/crtn.o]
  collapse library dir [/usr/lib/gcc/x86_64-linux-gnu/9] ==> [/usr/lib/gcc/x86_64-linux-gnu/9]
  collapse library dir [/usr/lib/gcc/x86_64-linux-gnu/9/../../../x86_64-linux-gnu] ==> [/usr/lib/x86_64-linux-gnu]
  collapse library dir [/usr/lib/gcc/x86_64-linux-gnu/9/../../../../lib] ==> [/usr/lib]
  collapse library dir [/lib/x86_64-linux-gnu] ==> [/lib/x86_64-linux-gnu]
  collapse library dir [/lib/../lib] ==> [/lib]
  collapse library dir [/usr/lib/x86_64-linux-gnu] ==> [/usr/lib/x86_64-linux-gnu]
  collapse library dir [/usr/lib/../lib] ==> [/usr/lib]
  collapse library dir [/usr/lib/gcc/x86_64-linux-gnu/9/../../..] ==> [/usr/lib]
  implicit libs: [stdc++;m;gcc_s;gcc;c;gcc_s;gcc]
  implicit objs: [/usr/lib/x86_64-linux-gnu/Scrt1.o;/usr/lib/x86_64-linux-gnu/crti.o;/usr/lib/gcc/x86_64-linux-gnu/9/crtbeginS.o;/usr/lib/gcc/x86_64-linux-gnu/9/crtendS.o;/usr/lib/x86_64-linux-gnu/crtn.o]
  implicit dirs: [/usr/lib/gcc/x86_64-linux-gnu/9;/usr/lib/x86_64-linux-gnu;/usr/lib;/lib/x86_64-linux-gnu;/lib]
  implicit fwks: []


Determining if the include file pthread.h exists passed with the following output:
Change Dir: /home/alephnoell/quabs/build/libsolve/src/cmsat-prefix/src/cmsat-build/CMakeFiles/CMakeTmp

Run Build Command(s):/usr/bin/make -f Makefile cmTC_323e8/fast && make[3]: se entra en el directorio '/home/alephnoell/quabs/build/libsolve/src/cmsat-prefix/src/cmsat-build/CMakeFiles/CMakeTmp'
/usr/bin/make  -f CMakeFiles/cmTC_323e8.dir/build.make CMakeFiles/cmTC_323e8.dir/build
make[4]: se entra en el directorio '/home/alephnoell/quabs/build/libsolve/src/cmsat-prefix/src/cmsat-build/CMakeFiles/CMakeTmp'
Building C object CMakeFiles/cmTC_323e8.dir/CheckIncludeFile.c.o
/usr/bin/cc    -o CMakeFiles/cmTC_323e8.dir/CheckIncludeFile.c.o -c /home/alephnoell/quabs/build/libsolve/src/cmsat-prefix/src/cmsat-build/CMakeFiles/CMakeTmp/CheckIncludeFile.c
Linking C executable cmTC_323e8
/snap/cmake/870/bin/cmake -E cmake_link_script CMakeFiles/cmTC_323e8.dir/link.txt --verbose=1
/usr/bin/cc -rdynamic CMakeFiles/cmTC_323e8.dir/CheckIncludeFile.c.o -o cmTC_323e8 
make[4]: se sale del directorio '/home/alephnoell/quabs/build/libsolve/src/cmsat-prefix/src/cmsat-build/CMakeFiles/CMakeTmp'
make[3]: se sale del directorio '/home/alephnoell/quabs/build/libsolve/src/cmsat-prefix/src/cmsat-build/CMakeFiles/CMakeTmp'



Performing C++ SOURCE FILE Test HAVE_FLAG_-fno-stack-protector succeeded with the following output:
Change Dir: /home/alephnoell/quabs/build/libsolve/src/cmsat-prefix/src/cmsat-build/CMakeFiles/CMakeTmp

Run Build Command(s):/usr/bin/make -f Makefile cmTC_c9d26/fast && make[3]: Entering directory '/home/alephnoell/quabs/build/libsolve/src/cmsat-prefix/src/cmsat-build/CMakeFiles/CMakeTmp'
/usr/bin/make  -f CMakeFiles/cmTC_c9d26.dir/build.make CMakeFiles/cmTC_c9d26.dir/build
make[4]: Entering directory '/home/alephnoell/quabs/build/libsolve/src/cmsat-prefix/src/cmsat-build/CMakeFiles/CMakeTmp'
Building CXX object CMakeFiles/cmTC_c9d26.dir/src.cxx.o
/usr/bin/c++   -DHAVE_FLAG_-fno-stack-protector -fno-stack-protector -o CMakeFiles/cmTC_c9d26.dir/src.cxx.o -c /home/alephnoell/quabs/build/libsolve/src/cmsat-prefix/src/cmsat-build/CMakeFiles/CMakeTmp/src.cxx
<command-line>: warning: ISO C++11 requires whitespace after the macro name
Linking CXX executable cmTC_c9d26
/snap/cmake/870/bin/cmake -E cmake_link_script CMakeFiles/cmTC_c9d26.dir/link.txt --verbose=1
/usr/bin/c++ -rdynamic CMakeFiles/cmTC_c9d26.dir/src.cxx.o -o cmTC_c9d26 
make[4]: Leaving directory '/home/alephnoell/quabs/build/libsolve/src/cmsat-prefix/src/cmsat-build/CMakeFiles/CMakeTmp'
make[3]: Leaving directory '/home/alephnoell/quabs/build/libsolve/src/cmsat-prefix/src/cmsat-build/CMakeFiles/CMakeTmp'


Source file was:
int main() { return 0; }
Performing C++ SOURCE FILE Test HAVE_FLAG_-Wlogical-op succeeded with the following output:
Change Dir: /home/alephnoell/quabs/build/libsolve/src/cmsat-prefix/src/cmsat-build/CMakeFiles/CMakeTmp

Run Build Command(s):/usr/bin/make -f Makefile cmTC_6aa3b/fast && make[3]: Entering directory '/home/alephnoell/quabs/build/libsolve/src/cmsat-prefix/src/cmsat-build/CMakeFiles/CMakeTmp'
/usr/bin/make  -f CMakeFiles/cmTC_6aa3b.dir/build.make CMakeFiles/cmTC_6aa3b.dir/build
make[4]: Entering directory '/home/alephnoell/quabs/build/libsolve/src/cmsat-prefix/src/cmsat-build/CMakeFiles/CMakeTmp'
Building CXX object CMakeFiles/cmTC_6aa3b.dir/src.cxx.o
/usr/bin/c++   -fno-stack-protector    -DHAVE_FLAG_-Wlogical-op -Wlogical-op -o CMakeFiles/cmTC_6aa3b.dir/src.cxx.o -c /home/alephnoell/quabs/build/libsolve/src/cmsat-prefix/src/cmsat-build/CMakeFiles/CMakeTmp/src.cxx
<command-line>: warning: ISO C++11 requires whitespace after the macro name
Linking CXX executable cmTC_6aa3b
/snap/cmake/870/bin/cmake -E cmake_link_script CMakeFiles/cmTC_6aa3b.dir/link.txt --verbose=1
/usr/bin/c++  -fno-stack-protector    -O2 -Wl,--discard-all -Wl,--build-id=sha1 -static -Wl,--whole-archive -ldl -lpthread -Wl,--no-whole-archive -static   -rdynamic CMakeFiles/cmTC_6aa3b.dir/src.cxx.o -o cmTC_6aa3b 
make[4]: Leaving directory '/home/alephnoell/quabs/build/libsolve/src/cmsat-prefix/src/cmsat-build/CMakeFiles/CMakeTmp'
make[3]: Leaving directory '/home/alephnoell/quabs/build/libsolve/src/cmsat-prefix/src/cmsat-build/CMakeFiles/CMakeTmp'


Source file was:
int main() { return 0; }
Performing C++ SOURCE FILE Test HAVE_FLAG_-Wrestrict succeeded with the following output:
Change Dir: /home/alephnoell/quabs/build/libsolve/src/cmsat-prefix/src/cmsat-build/CMakeFiles/CMakeTmp

Run Build Command(s):/usr/bin/make -f Makefile cmTC_c6de8/fast && make[3]: Entering directory '/home/alephnoell/quabs/build/libsolve/src/cmsat-prefix/src/cmsat-build/CMakeFiles/CMakeTmp'
/usr/bin/make  -f CMakeFiles/cmTC_c6de8.dir/build.make CMakeFiles/cmTC_c6de8.dir/build
make[4]: Entering directory '/home/alephnoell/quabs/build/libsolve/src/cmsat-prefix/src/cmsat-build/CMakeFiles/CMakeTmp'
Building CXX object CMakeFiles/cmTC_c6de8.dir/src.cxx.o
/usr/bin/c++   -fno-stack-protector -Wlogical-op    -DHAVE_FLAG_-Wrestrict -Wrestrict -o CMakeFiles/cmTC_c6de8.dir/src.cxx.o -c /home/alephnoell/quabs/build/libsolve/src/cmsat-prefix/src/cmsat-build/CMakeFiles/CMakeTmp/src.cxx
<command-line>: warning: ISO C++11 requires whitespace after the macro name
Linking CXX executable cmTC_c6de8
/snap/cmake/870/bin/cmake -E cmake_link_script CMakeFiles/cmTC_c6de8.dir/link.txt --verbose=1
/usr/bin/c++  -fno-stack-protector -Wlogical-op    -O2 -Wl,--discard-all -Wl,--build-id=sha1 -static -Wl,--whole-archive -ldl -lpthread -Wl,--no-whole-archive -static   -rdynamic CMakeFiles/cmTC_c6de8.dir/src.cxx.o -o cmTC_c6de8 
make[4]: Leaving directory '/home/alephnoell/quabs/build/libsolve/src/cmsat-prefix/src/cmsat-build/CMakeFiles/CMakeTmp'
make[3]: Leaving directory '/home/alephnoell/quabs/build/libsolve/src/cmsat-prefix/src/cmsat-build/CMakeFiles/CMakeTmp'


Source file was:
int main() { return 0; }
Performing C++ SOURCE FILE Test HAVE_FLAG_-Wnull-dereference succeeded with the following output:
Change Dir: /home/alephnoell/quabs/build/libsolve/src/cmsat-prefix/src/cmsat-build/CMakeFiles/CMakeTmp

Run Build Command(s):/usr/bin/make -f Makefile cmTC_aacf6/fast && make[3]: Entering directory '/home/alephnoell/quabs/build/libsolve/src/cmsat-prefix/src/cmsat-build/CMakeFiles/CMakeTmp'
/usr/bin/make  -f CMakeFiles/cmTC_aacf6.dir/build.make CMakeFiles/cmTC_aacf6.dir/build
make[4]: Entering directory '/home/alephnoell/quabs/build/libsolve/src/cmsat-prefix/src/cmsat-build/CMakeFiles/CMakeTmp'
Building CXX object CMakeFiles/cmTC_aacf6.dir/src.cxx.o
/usr/bin/c++   -fno-stack-protector -Wlogical-op -Wrestrict    -DHAVE_FLAG_-Wnull-dereference -Wnull-dereference -o CMakeFiles/cmTC_aacf6.dir/src.cxx.o -c /home/alephnoell/quabs/build/libsolve/src/cmsat-prefix/src/cmsat-build/CMakeFiles/CMakeTmp/src.cxx
<command-line>: warning: ISO C++11 requires whitespace after the macro name
Linking CXX executable cmTC_aacf6
/snap/cmake/870/bin/cmake -E cmake_link_script CMakeFiles/cmTC_aacf6.dir/link.txt --verbose=1
/usr/bin/c++  -fno-stack-protector -Wlogical-op -Wrestrict    -O2 -Wl,--discard-all -Wl,--build-id=sha1 -static -Wl,--whole-archive -ldl -lpthread -Wl,--no-whole-archive -static   -rdynamic CMakeFiles/cmTC_aacf6.dir/src.cxx.o -o cmTC_aacf6 
make[4]: Leaving directory '/home/alephnoell/quabs/build/libsolve/src/cmsat-prefix/src/cmsat-build/CMakeFiles/CMakeTmp'
make[3]: Leaving directory '/home/alephnoell/quabs/build/libsolve/src/cmsat-prefix/src/cmsat-build/CMakeFiles/CMakeTmp'


Source file was:
int main() { return 0; }
Performing C++ SOURCE FILE Test HAVE_FLAG_-Wdouble-promotion succeeded with the following output:
Change Dir: /home/alephnoell/quabs/build/libsolve/src/cmsat-prefix/src/cmsat-build/CMakeFiles/CMakeTmp

Run Build Command(s):/usr/bin/make -f Makefile cmTC_3eb71/fast && make[3]: Entering directory '/home/alephnoell/quabs/build/libsolve/src/cmsat-prefix/src/cmsat-build/CMakeFiles/CMakeTmp'
/usr/bin/make  -f CMakeFiles/cmTC_3eb71.dir/build.make CMakeFiles/cmTC_3eb71.dir/build
make[4]: Entering directory '/home/alephnoell/quabs/build/libsolve/src/cmsat-prefix/src/cmsat-build/CMakeFiles/CMakeTmp'
Building CXX object CMakeFiles/cmTC_3eb71.dir/src.cxx.o
/usr/bin/c++   -fno-stack-protector -Wlogical-op -Wrestrict -Wnull-dereference    -DHAVE_FLAG_-Wdouble-promotion -Wdouble-promotion -o CMakeFiles/cmTC_3eb71.dir/src.cxx.o -c /home/alephnoell/quabs/build/libsolve/src/cmsat-prefix/src/cmsat-build/CMakeFiles/CMakeTmp/src.cxx
<command-line>: warning: ISO C++11 requires whitespace after the macro name
Linking CXX executable cmTC_3eb71
/snap/cmake/870/bin/cmake -E cmake_link_script CMakeFiles/cmTC_3eb71.dir/link.txt --verbose=1
/usr/bin/c++  -fno-stack-protector -Wlogical-op -Wrestrict -Wnull-dereference    -O2 -Wl,--discard-all -Wl,--build-id=sha1 -static -Wl,--whole-archive -ldl -lpthread -Wl,--no-whole-archive -static   -rdynamic CMakeFiles/cmTC_3eb71.dir/src.cxx.o -o cmTC_3eb71 
make[4]: Leaving directory '/home/alephnoell/quabs/build/libsolve/src/cmsat-prefix/src/cmsat-build/CMakeFiles/CMakeTmp'
make[3]: Leaving directory '/home/alephnoell/quabs/build/libsolve/src/cmsat-prefix/src/cmsat-build/CMakeFiles/CMakeTmp'


Source file was:
int main() { return 0; }
Performing C++ SOURCE FILE Test HAVE_FLAG_-Wshadow succeeded with the following output:
Change Dir: /home/alephnoell/quabs/build/libsolve/src/cmsat-prefix/src/cmsat-build/CMakeFiles/CMakeTmp

Run Build Command(s):/usr/bin/make -f Makefile cmTC_ba074/fast && make[3]: Entering directory '/home/alephnoell/quabs/build/libsolve/src/cmsat-prefix/src/cmsat-build/CMakeFiles/CMakeTmp'
/usr/bin/make  -f CMakeFiles/cmTC_ba074.dir/build.make CMakeFiles/cmTC_ba074.dir/build
make[4]: Entering directory '/home/alephnoell/quabs/build/libsolve/src/cmsat-prefix/src/cmsat-build/CMakeFiles/CMakeTmp'
Building CXX object CMakeFiles/cmTC_ba074.dir/src.cxx.o
/usr/bin/c++   -fno-stack-protector -Wlogical-op -Wrestrict -Wnull-dereference -Wdouble-promotion    -DHAVE_FLAG_-Wshadow -Wshadow -o CMakeFiles/cmTC_ba074.dir/src.cxx.o -c /home/alephnoell/quabs/build/libsolve/src/cmsat-prefix/src/cmsat-build/CMakeFiles/CMakeTmp/src.cxx
<command-line>: warning: ISO C++11 requires whitespace after the macro name
Linking CXX executable cmTC_ba074
/snap/cmake/870/bin/cmake -E cmake_link_script CMakeFiles/cmTC_ba074.dir/link.txt --verbose=1
/usr/bin/c++  -fno-stack-protector -Wlogical-op -Wrestrict -Wnull-dereference -Wdouble-promotion    -O2 -Wl,--discard-all -Wl,--build-id=sha1 -static -Wl,--whole-archive -ldl -lpthread -Wl,--no-whole-archive -static   -rdynamic CMakeFiles/cmTC_ba074.dir/src.cxx.o -o cmTC_ba074 
make[4]: Leaving directory '/home/alephnoell/quabs/build/libsolve/src/cmsat-prefix/src/cmsat-build/CMakeFiles/CMakeTmp'
make[3]: Leaving directory '/home/alephnoell/quabs/build/libsolve/src/cmsat-prefix/src/cmsat-build/CMakeFiles/CMakeTmp'


Source file was:
int main() { return 0; }
Performing C++ SOURCE FILE Test HAVE_FLAG_-Wformat=2 succeeded with the following output:
Change Dir: /home/alephnoell/quabs/build/libsolve/src/cmsat-prefix/src/cmsat-build/CMakeFiles/CMakeTmp

Run Build Command(s):/usr/bin/make -f Makefile cmTC_ad666/fast && make[3]: Entering directory '/home/alephnoell/quabs/build/libsolve/src/cmsat-prefix/src/cmsat-build/CMakeFiles/CMakeTmp'
/usr/bin/make  -f CMakeFiles/cmTC_ad666.dir/build.make CMakeFiles/cmTC_ad666.dir/build
make[4]: Entering directory '/home/alephnoell/quabs/build/libsolve/src/cmsat-prefix/src/cmsat-build/CMakeFiles/CMakeTmp'
Building CXX object CMakeFiles/cmTC_ad666.dir/src.cxx.o
/usr/bin/c++   -fno-stack-protector -Wlogical-op -Wrestrict -Wnull-dereference -Wdouble-promotion -Wshadow    -DHAVE_FLAG_-Wformat=2 -Wformat=2 -o CMakeFiles/cmTC_ad666.dir/src.cxx.o -c /home/alephnoell/quabs/build/libsolve/src/cmsat-prefix/src/cmsat-build/CMakeFiles/CMakeTmp/src.cxx
<command-line>: warning: ISO C++11 requires whitespace after the macro name
Linking CXX executable cmTC_ad666
/snap/cmake/870/bin/cmake -E cmake_link_script CMakeFiles/cmTC_ad666.dir/link.txt --verbose=1
/usr/bin/c++  -fno-stack-protector -Wlogical-op -Wrestrict -Wnull-dereference -Wdouble-promotion -Wshadow    -O2 -Wl,--discard-all -Wl,--build-id=sha1 -static -Wl,--whole-archive -ldl -lpthread -Wl,--no-whole-archive -static   -rdynamic CMakeFiles/cmTC_ad666.dir/src.cxx.o -o cmTC_ad666 
make[4]: Leaving directory '/home/alephnoell/quabs/build/libsolve/src/cmsat-prefix/src/cmsat-build/CMakeFiles/CMakeTmp'
make[3]: Leaving directory '/home/alephnoell/quabs/build/libsolve/src/cmsat-prefix/src/cmsat-build/CMakeFiles/CMakeTmp'


Source file was:
int main() { return 0; }
Performing C++ SOURCE FILE Test HAVE_FLAG_-Wextra-semi succeeded with the following output:
Change Dir: /home/alephnoell/quabs/build/libsolve/src/cmsat-prefix/src/cmsat-build/CMakeFiles/CMakeTmp

Run Build Command(s):/usr/bin/make -f Makefile cmTC_7cfc3/fast && make[3]: Entering directory '/home/alephnoell/quabs/build/libsolve/src/cmsat-prefix/src/cmsat-build/CMakeFiles/CMakeTmp'
/usr/bin/make  -f CMakeFiles/cmTC_7cfc3.dir/build.make CMakeFiles/cmTC_7cfc3.dir/build
make[4]: Entering directory '/home/alephnoell/quabs/build/libsolve/src/cmsat-prefix/src/cmsat-build/CMakeFiles/CMakeTmp'
Building CXX object CMakeFiles/cmTC_7cfc3.dir/src.cxx.o
/usr/bin/c++   -fno-stack-protector -Wlogical-op -Wrestrict -Wnull-dereference -Wdouble-promotion -Wshadow -Wformat=2    -DHAVE_FLAG_-Wextra-semi -Wextra-semi -o CMakeFiles/cmTC_7cfc3.dir/src.cxx.o -c /home/alephnoell/quabs/build/libsolve/src/cmsat-prefix/src/cmsat-build/CMakeFiles/CMakeTmp/src.cxx
<command-line>: warning: ISO C++11 requires whitespace after the macro name
Linking CXX executable cmTC_7cfc3
/snap/cmake/870/bin/cmake -E cmake_link_script CMakeFiles/cmTC_7cfc3.dir/link.txt --verbose=1
/usr/bin/c++  -fno-stack-protector -Wlogical-op -Wrestrict -Wnull-dereference -Wdouble-promotion -Wshadow -Wformat=2    -O2 -Wl,--discard-all -Wl,--build-id=sha1 -static -Wl,--whole-archive -ldl -lpthread -Wl,--no-whole-archive -static   -rdynamic CMakeFiles/cmTC_7cfc3.dir/src.cxx.o -o cmTC_7cfc3 
make[4]: Leaving directory '/home/alephnoell/quabs/build/libsolve/src/cmsat-prefix/src/cmsat-build/CMakeFiles/CMakeTmp'
make[3]: Leaving directory '/home/alephnoell/quabs/build/libsolve/src/cmsat-prefix/src/cmsat-build/CMakeFiles/CMakeTmp'


Source file was:
int main() { return 0; }
Performing C++ SOURCE FILE Test HAVE_FLAG_-pedantic succeeded with the following output:
Change Dir: /home/alephnoell/quabs/build/libsolve/src/cmsat-prefix/src/cmsat-build/CMakeFiles/CMakeTmp

Run Build Command(s):/usr/bin/make -f Makefile cmTC_d3b8e/fast && make[3]: Entering directory '/home/alephnoell/quabs/build/libsolve/src/cmsat-prefix/src/cmsat-build/CMakeFiles/CMakeTmp'
/usr/bin/make  -f CMakeFiles/cmTC_d3b8e.dir/build.make CMakeFiles/cmTC_d3b8e.dir/build
make[4]: Entering directory '/home/alephnoell/quabs/build/libsolve/src/cmsat-prefix/src/cmsat-build/CMakeFiles/CMakeTmp'
Building CXX object CMakeFiles/cmTC_d3b8e.dir/src.cxx.o
/usr/bin/c++   -fno-stack-protector -Wlogical-op -Wrestrict -Wnull-dereference -Wdouble-promotion -Wshadow -Wformat=2 -Wextra-semi    -DHAVE_FLAG_-pedantic -pedantic -o CMakeFiles/cmTC_d3b8e.dir/src.cxx.o -c /home/alephnoell/quabs/build/libsolve/src/cmsat-prefix/src/cmsat-build/CMakeFiles/CMakeTmp/src.cxx
<command-line>: warning: ISO C++11 requires whitespace after the macro name
Linking CXX executable cmTC_d3b8e
/snap/cmake/870/bin/cmake -E cmake_link_script CMakeFiles/cmTC_d3b8e.dir/link.txt --verbose=1
/usr/bin/c++  -fno-stack-protector -Wlogical-op -Wrestrict -Wnull-dereference -Wdouble-promotion -Wshadow -Wformat=2 -Wextra-semi    -O2 -Wl,--discard-all -Wl,--build-id=sha1 -static -Wl,--whole-archive -ldl -lpthread -Wl,--no-whole-archive -static   -rdynamic CMakeFiles/cmTC_d3b8e.dir/src.cxx.o -o cmTC_d3b8e 
make[4]: Leaving directory '/home/alephnoell/quabs/build/libsolve/src/cmsat-prefix/src/cmsat-build/CMakeFiles/CMakeTmp'
make[3]: Leaving directory '/home/alephnoell/quabs/build/libsolve/src/cmsat-prefix/src/cmsat-build/CMakeFiles/CMakeTmp'


Source file was:
int main() { return 0; }
Performing C++ SOURCE FILE Test HAVE_FLAG_-Wno-class-memaccess succeeded with the following output:
Change Dir: /home/alephnoell/quabs/build/libsolve/src/cmsat-prefix/src/cmsat-build/CMakeFiles/CMakeTmp

Run Build Command(s):/usr/bin/make -f Makefile cmTC_1f36e/fast && make[3]: Entering directory '/home/alephnoell/quabs/build/libsolve/src/cmsat-prefix/src/cmsat-build/CMakeFiles/CMakeTmp'
/usr/bin/make  -f CMakeFiles/cmTC_1f36e.dir/build.make CMakeFiles/cmTC_1f36e.dir/build
make[4]: Entering directory '/home/alephnoell/quabs/build/libsolve/src/cmsat-prefix/src/cmsat-build/CMakeFiles/CMakeTmp'
Building CXX object CMakeFiles/cmTC_1f36e.dir/src.cxx.o
/usr/bin/c++   -fno-stack-protector -Wlogical-op -Wrestrict -Wnull-dereference -Wdouble-promotion -Wshadow -Wformat=2 -Wextra-semi -pedantic    -DHAVE_FLAG_-Wno-class-memaccess -Wno-class-memaccess -o CMakeFiles/cmTC_1f36e.dir/src.cxx.o -c /home/alephnoell/quabs/build/libsolve/src/cmsat-prefix/src/cmsat-build/CMakeFiles/CMakeTmp/src.cxx
<command-line>: warning: ISO C++11 requires whitespace after the macro name
Linking CXX executable cmTC_1f36e
/snap/cmake/870/bin/cmake -E cmake_link_script CMakeFiles/cmTC_1f36e.dir/link.txt --verbose=1
/usr/bin/c++  -fno-stack-protector -Wlogical-op -Wrestrict -Wnull-dereference -Wdouble-promotion -Wshadow -Wformat=2 -Wextra-semi -pedantic    -O2 -Wl,--discard-all -Wl,--build-id=sha1 -static -Wl,--whole-archive -ldl -lpthread -Wl,--no-whole-archive -static   -rdynamic CMakeFiles/cmTC_1f36e.dir/src.cxx.o -o cmTC_1f36e 
make[4]: Leaving directory '/home/alephnoell/quabs/build/libsolve/src/cmsat-prefix/src/cmsat-build/CMakeFiles/CMakeTmp'
make[3]: Leaving directory '/home/alephnoell/quabs/build/libsolve/src/cmsat-prefix/src/cmsat-build/CMakeFiles/CMakeTmp'


Source file was:
int main() { return 0; }
Performing C++ SOURCE FILE Test COMPILER_HAS_HIDDEN_VISIBILITY succeeded with the following output:
Change Dir: /home/alephnoell/quabs/build/libsolve/src/cmsat-prefix/src/cmsat-build/CMakeFiles/CMakeTmp

Run Build Command(s):/usr/bin/make -f Makefile cmTC_cc447/fast && make[3]: Entering directory '/home/alephnoell/quabs/build/libsolve/src/cmsat-prefix/src/cmsat-build/CMakeFiles/CMakeTmp'
/usr/bin/make  -f CMakeFiles/cmTC_cc447.dir/build.make CMakeFiles/cmTC_cc447.dir/build
make[4]: Entering directory '/home/alephnoell/quabs/build/libsolve/src/cmsat-prefix/src/cmsat-build/CMakeFiles/CMakeTmp'
Building CXX object CMakeFiles/cmTC_cc447.dir/src.cxx.o
/usr/bin/c++ -DCOMPILER_HAS_HIDDEN_VISIBILITY  -fno-stack-protector -Wlogical-op -Wrestrict -Wnull-dereference -Wdouble-promotion -Wshadow -Wformat=2 -Wextra-semi -pedantic -Wno-class-memaccess    -fvisibility=hidden -o CMakeFiles/cmTC_cc447.dir/src.cxx.o -c /home/alephnoell/quabs/build/libsolve/src/cmsat-prefix/src/cmsat-build/CMakeFiles/CMakeTmp/src.cxx
Linking CXX executable cmTC_cc447
/snap/cmake/870/bin/cmake -E cmake_link_script CMakeFiles/cmTC_cc447.dir/link.txt --verbose=1
/usr/bin/c++  -fno-stack-protector -Wlogical-op -Wrestrict -Wnull-dereference -Wdouble-promotion -Wshadow -Wformat=2 -Wextra-semi -pedantic -Wno-class-memaccess    -O2 -Wl,--discard-all -Wl,--build-id=sha1 -static -Wl,--whole-archive -ldl -lpthread -Wl,--no-whole-archive -static   -rdynamic CMakeFiles/cmTC_cc447.dir/src.cxx.o -o cmTC_cc447 
make[4]: Leaving directory '/home/alephnoell/quabs/build/libsolve/src/cmsat-prefix/src/cmsat-build/CMakeFiles/CMakeTmp'
make[3]: Leaving directory '/home/alephnoell/quabs/build/libsolve/src/cmsat-prefix/src/cmsat-build/CMakeFiles/CMakeTmp'


Source file was:
int main() { return 0; }
Performing C++ SOURCE FILE Test COMPILER_HAS_HIDDEN_INLINE_VISIBILITY succeeded with the following output:
Change Dir: /home/alephnoell/quabs/build/libsolve/src/cmsat-prefix/src/cmsat-build/CMakeFiles/CMakeTmp

Run Build Command(s):/usr/bin/make -f Makefile cmTC_eff7c/fast && make[3]: Entering directory '/home/alephnoell/quabs/build/libsolve/src/cmsat-prefix/src/cmsat-build/CMakeFiles/CMakeTmp'
/usr/bin/make  -f CMakeFiles/cmTC_eff7c.dir/build.make CMakeFiles/cmTC_eff7c.dir/build
make[4]: Entering directory '/home/alephnoell/quabs/build/libsolve/src/cmsat-prefix/src/cmsat-build/CMakeFiles/CMakeTmp'
Building CXX object CMakeFiles/cmTC_eff7c.dir/src.cxx.o
/usr/bin/c++ -DCOMPILER_HAS_HIDDEN_INLINE_VISIBILITY  -fno-stack-protector -Wlogical-op -Wrestrict -Wnull-dereference -Wdouble-promotion -Wshadow -Wformat=2 -Wextra-semi -pedantic -Wno-class-memaccess    -fvisibility-inlines-hidden -o CMakeFiles/cmTC_eff7c.dir/src.cxx.o -c /home/alephnoell/quabs/build/libsolve/src/cmsat-prefix/src/cmsat-build/CMakeFiles/CMakeTmp/src.cxx
Linking CXX executable cmTC_eff7c
/snap/cmake/870/bin/cmake -E cmake_link_script CMakeFiles/cmTC_eff7c.dir/link.txt --verbose=1
/usr/bin/c++  -fno-stack-protector -Wlogical-op -Wrestrict -Wnull-dereference -Wdouble-promotion -Wshadow -Wformat=2 -Wextra-semi -pedantic -Wno-class-memaccess    -O2 -Wl,--discard-all -Wl,--build-id=sha1 -static -Wl,--whole-archive -ldl -lpthread -Wl,--no-whole-archive -static   -rdynamic CMakeFiles/cmTC_eff7c.dir/src.cxx.o -o cmTC_eff7c 
make[4]: Leaving directory '/home/alephnoell/quabs/build/libsolve/src/cmsat-prefix/src/cmsat-build/CMakeFiles/CMakeTmp'
make[3]: Leaving directory '/home/alephnoell/quabs/build/libsolve/src/cmsat-prefix/src/cmsat-build/CMakeFiles/CMakeTmp'


Source file was:
int main() { return 0; }
Performing C++ SOURCE FILE Test COMPILER_HAS_DEPRECATED_ATTR succeeded with the following output:
Change Dir: /home/alephnoell/quabs/build/libsolve/src/cmsat-prefix/src/cmsat-build/CMakeFiles/CMakeTmp

Run Build Command(s):/usr/bin/make -f Makefile cmTC_55466/fast && make[3]: se entra en el directorio '/home/alephnoell/quabs/build/libsolve/src/cmsat-prefix/src/cmsat-build/CMakeFiles/CMakeTmp'
/usr/bin/make  -f CMakeFiles/cmTC_55466.dir/build.make CMakeFiles/cmTC_55466.dir/build
make[4]: se entra en el directorio '/home/alephnoell/quabs/build/libsolve/src/cmsat-prefix/src/cmsat-build/CMakeFiles/CMakeTmp'
Building CXX object CMakeFiles/cmTC_55466.dir/src.cxx.o
/usr/bin/c++ -DCOMPILER_HAS_DEPRECATED_ATTR  -fno-stack-protector -Wlogical-op -Wrestrict -Wnull-dereference -Wdouble-promotion -Wshadow -Wformat=2 -Wextra-semi -pedantic -Wno-class-memaccess  -o CMakeFiles/cmTC_55466.dir/src.cxx.o -c /home/alephnoell/quabs/build/libsolve/src/cmsat-prefix/src/cmsat-build/CMakeFiles/CMakeTmp/src.cxx
/home/alephnoell/quabs/build/libsolve/src/cmsat-prefix/src/cmsat-build/CMakeFiles/CMakeTmp/src.cxx: In function int main():
/home/alephnoell/quabs/build/libsolve/src/cmsat-prefix/src/cmsat-build/CMakeFiles/CMakeTmp/src.cxx:2:34: warning: int somefunc() is deprecated [-Wdeprecated-declarations]
    2 |     int main() { return somefunc();}
      |                                  ^
/home/alephnoell/quabs/build/libsolve/src/cmsat-prefix/src/cmsat-build/CMakeFiles/CMakeTmp/src.cxx:1:37: note: declared here
    1 | __attribute__((__deprecated__)) int somefunc() { return 0; }
      |                                     ^~~~~~~~
/home/alephnoell/quabs/build/libsolve/src/cmsat-prefix/src/cmsat-build/CMakeFiles/CMakeTmp/src.cxx:2:34: warning: int somefunc() is deprecated [-Wdeprecated-declarations]
    2 |     int main() { return somefunc();}
      |                                  ^
/home/alephnoell/quabs/build/libsolve/src/cmsat-prefix/src/cmsat-build/CMakeFiles/CMakeTmp/src.cxx:1:37: note: declared here
    1 | __attribute__((__deprecated__)) int somefunc() { return 0; }
      |                                     ^~~~~~~~
Linking CXX executable cmTC_55466
/snap/cmake/870/bin/cmake -E cmake_link_script CMakeFiles/cmTC_55466.dir/link.txt --verbose=1
/usr/bin/c++  -fno-stack-protector -Wlogical-op -Wrestrict -Wnull-dereference -Wdouble-promotion -Wshadow -Wformat=2 -Wextra-semi -pedantic -Wno-class-memaccess    -O2 -Wl,--discard-all -Wl,--build-id=sha1 -static -Wl,--whole-archive -ldl -lpthread -Wl,--no-whole-archive -static   -rdynamic CMakeFiles/cmTC_55466.dir/src.cxx.o -o cmTC_55466 
make[4]: se sale del directorio '/home/alephnoell/quabs/build/libsolve/src/cmsat-prefix/src/cmsat-build/CMakeFiles/CMakeTmp'
make[3]: se sale del directorio '/home/alephnoell/quabs/build/libsolve/src/cmsat-prefix/src/cmsat-build/CMakeFiles/CMakeTmp'


Source file was:
__attribute__((__deprecated__)) int somefunc() { return 0; }
    int main() { return somefunc();}
